Using pre-set license
Built from '2022.3/staging' branch; Version is '2022.3.15f1 (b58023a2b463) revision 11894819'; Using compiler version '192829333'; Build Type 'Release'
OS: 'Windows 11  (10.0.22621) 64bit Core' Language: 'en' Physical Memory: 16226 MB
BatchMode: 1, IsHumanControllingUs: 0, StartBugReporterOnCrash: 0, Is64bit: 1, IsPro: 1

COMMAND LINE ARGUMENTS:
D:\Programs\Unity 2022.3.15f1\Editor\Unity.exe
-adb2
-batchMode
-noUpm
-name
AssetImportWorker0
-projectPath
D:/Unity/Projects/Unity Projects/Пътен Магистер Папка/Puten-Magistur/Пътен Магистър
-logFile
Logs/AssetImportWorker0.log
-srvPort
53793
Successfully changed project path to: D:/Unity/Projects/Unity Projects/Пътен Магистер Папка/Puten-Magistur/Пътен Магистър
D:/Unity/Projects/Unity Projects/Пътен Магистер Папка/Puten-Magistur/Пътен Магистър
[UnityMemory] Configuration Parameters - Can be set up in boot.config
    "memorysetup-bucket-allocator-granularity=16"
    "memorysetup-bucket-allocator-bucket-count=8"
    "memorysetup-bucket-allocator-block-size=33554432"
    "memorysetup-bucket-allocator-block-count=8"
    "memorysetup-main-allocator-block-size=16777216"
    "memorysetup-thread-allocator-block-size=16777216"
    "memorysetup-gfx-main-allocator-block-size=16777216"
    "memorysetup-gfx-thread-allocator-block-size=16777216"
    "memorysetup-cache-allocator-block-size=4194304"
    "memorysetup-typetree-allocator-block-size=2097152"
    "memorysetup-profiler-bucket-allocator-granularity=16"
    "memorysetup-profiler-bucket-allocator-bucket-count=8"
    "memorysetup-profiler-bucket-allocator-block-size=33554432"
    "memorysetup-profiler-bucket-allocator-block-count=8"
    "memorysetup-profiler-allocator-block-size=16777216"
    "memorysetup-profiler-editor-allocator-block-size=1048576"
    "memorysetup-temp-allocator-size-main=16777216"
    "memorysetup-job-temp-allocator-block-size=2097152"
    "memorysetup-job-temp-allocator-block-size-background=1048576"
    "memorysetup-job-temp-allocator-reduction-small-platforms=262144"
    "memorysetup-allocator-temp-initial-block-size-main=262144"
    "memorysetup-allocator-temp-initial-block-size-worker=262144"
    "memorysetup-temp-allocator-size-background-worker=32768"
    "memorysetup-temp-allocator-size-job-worker=262144"
    "memorysetup-temp-allocator-size-preload-manager=33554432"
    "memorysetup-temp-allocator-size-nav-mesh-worker=65536"
    "memorysetup-temp-allocator-size-audio-worker=65536"
    "memorysetup-temp-allocator-size-cloud-worker=32768"
    "memorysetup-temp-allocator-size-gi-baking-worker=262144"
    "memorysetup-temp-allocator-size-gfx=262144"
Player connection [23776] Host "[IP] 192.168.1.7 [Port] 0 [Flags] 2 [Guid] 2223930981 [EditorId] 2223930981 [Version] 1048832 [Id] WindowsEditor(7,Valeri) [Debug] 1 [PackageName] WindowsEditor [ProjectName] Editor" joined multi-casting on [225.0.0.222:54997]...

Player connection [23776] Host "[IP] 192.168.1.7 [Port] 0 [Flags] 2 [Guid] 2223930981 [EditorId] 2223930981 [Version] 1048832 [Id] WindowsEditor(7,Valeri) [Debug] 1 [PackageName] WindowsEditor [ProjectName] Editor" joined alternative multi-casting on [225.0.0.222:34997]...

[Physics::Module] Initialized MultithreadedJobDispatcher with 7 workers.
Refreshing native plugins compatible for Editor in 43.92 ms, found 3 plugins.
Preloading 0 native plugins for Editor in 0.00 ms.
Initialize engine version: 2022.3.15f1 (b58023a2b463)
[Subsystems] Discovering subsystems at path D:/Programs/Unity 2022.3.15f1/Editor/Data/Resources/UnitySubsystems
[Subsystems] Discovering subsystems at path D:/Unity/Projects/Unity Projects/Пътен Магистер Папка/Puten-Magistur/Пътен Магистър/Assets
GfxDevice: creating device client; threaded=0; jobified=0
Direct3D:
    Version:  Direct3D 11.0 [level 11.1]
    Renderer: Intel(R) UHD Graphics 620 (ID=0x3ea0)
    Vendor:   Intel
    VRAM:     8113 MB
    Driver:   27.20.100.9749
Initialize mono
Mono path[0] = 'D:/Programs/Unity 2022.3.15f1/Editor/Data/Managed'
Mono path[1] = 'D:/Programs/Unity 2022.3.15f1/Editor/Data/MonoBleedingEdge/lib/mono/unityjit-win32'
Mono config path = 'D:/Programs/Unity 2022.3.15f1/Editor/Data/MonoBleedingEdge/etc'
Using monoOptions --debugger-agent=transport=dt_socket,embedding=1,server=y,suspend=n,address=127.0.0.1:56856
Begin MonoManager ReloadAssembly
Registering precompiled unity dll's ...
Register platform support module: D:/Programs/Unity 2022.3.15f1/Editor/Data/PlaybackEngines/WindowsStandaloneSupport/UnityEditor.WindowsStandalone.Extensions.dll
Registered in 0.012013 seconds.
- Loaded All Assemblies, in  1.598 seconds
Native extension for WindowsStandalone target not found
Mono: successfully reloaded assembly
- Finished resetting the current domain, in  1.335 seconds
Domain Reload Profiling: 2932ms
	BeginReloadAssembly (520ms)
		ExecutionOrderSort (0ms)
		DisableScriptedObjects (0ms)
		BackupInstance (0ms)
		ReleaseScriptingObjects (0ms)
		CreateAndSetChildDomain (2ms)
	RebuildCommonClasses (190ms)
	RebuildNativeTypeToScriptingClass (57ms)
	initialDomainReloadingComplete (202ms)
	LoadAllAssembliesAndSetupDomain (627ms)
		LoadAssemblies (523ms)
		RebuildTransferFunctionScriptingTraits (0ms)
		AnalyzeDomain (617ms)
			TypeCache.Refresh (612ms)
				TypeCache.ScanAssembly (561ms)
			ScanForSourceGeneratedMonoScriptInfo (1ms)
			ResolveRequiredComponents (2ms)
	FinalizeReload (1336ms)
		ReleaseScriptCaches (0ms)
		RebuildScriptCaches (0ms)
		SetupLoadedEditorAssemblies (1050ms)
			LogAssemblyErrors (0ms)
			InitializePlatformSupportModulesInManaged (32ms)
			SetLoadedEditorAssemblies (46ms)
			RefreshPlugins (0ms)
			BeforeProcessingInitializeOnLoad (17ms)
			ProcessInitializeOnLoadAttributes (670ms)
			ProcessInitializeOnLoadMethodAttributes (285ms)
			AfterProcessingInitializeOnLoad (0ms)
			EditorAssembliesLoaded (0ms)
		ExecutionOrderSort2 (0ms)
		AwakeInstancesAfterBackupRestoration (0ms)
========================================================================
Worker process is ready to serve import requests
Begin MonoManager ReloadAssembly
- Loaded All Assemblies, in  2.606 seconds
Refreshing native plugins compatible for Editor in 5.78 ms, found 3 plugins.
Native extension for WindowsStandalone target not found
Package Manager log level set to [2]
[Package Manager] Server::EnsureServerProcessIsRunning -- launch failed, reason: Unity was launched with the -noUpm command-line argument
[Package Manager] UpmClient::Send -- Unable to send message (not connected to UPM process).
[Package Manager] Cannot connect to Unity Package Manager local server
Mono: successfully reloaded assembly
- Finished resetting the current domain, in  2.156 seconds
Domain Reload Profiling: 4757ms
	BeginReloadAssembly (627ms)
		ExecutionOrderSort (0ms)
		DisableScriptedObjects (31ms)
		BackupInstance (0ms)
		ReleaseScriptingObjects (0ms)
		CreateAndSetChildDomain (62ms)
	RebuildCommonClasses (207ms)
	RebuildNativeTypeToScriptingClass (87ms)
	initialDomainReloadingComplete (124ms)
	LoadAllAssembliesAndSetupDomain (1555ms)
		LoadAssemblies (1237ms)
		RebuildTransferFunctionScriptingTraits (0ms)
		AnalyzeDomain (738ms)
			TypeCache.Refresh (619ms)
				TypeCache.ScanAssembly (569ms)
			ScanForSourceGeneratedMonoScriptInfo (85ms)
			ResolveRequiredComponents (30ms)
	FinalizeReload (2157ms)
		ReleaseScriptCaches (0ms)
		RebuildScriptCaches (0ms)
		SetupLoadedEditorAssemblies (1751ms)
			LogAssemblyErrors (0ms)
			InitializePlatformSupportModulesInManaged (24ms)
			SetLoadedEditorAssemblies (168ms)
			RefreshPlugins (0ms)
			BeforeProcessingInitializeOnLoad (248ms)
			ProcessInitializeOnLoadAttributes (1174ms)
			ProcessInitializeOnLoadMethodAttributes (133ms)
			AfterProcessingInitializeOnLoad (3ms)
			EditorAssembliesLoaded (0ms)
		ExecutionOrderSort2 (0ms)
		AwakeInstancesAfterBackupRestoration (20ms)
Launched and connected shader compiler UnityShaderCompiler.exe after 0.19 seconds
Refreshing native plugins compatible for Editor in 7.61 ms, found 3 plugins.
Preloading 0 native plugins for Editor in 0.00 ms.
Unloading 4167 Unused Serialized files (Serialized files now loaded: 0)
Unloading 43 unused Assets / (345.6 KB). Loaded Objects now: 4633.
Memory consumption went from 150.2 MB to 149.9 MB.
Total: 6.668300 ms (FindLiveObjects: 0.444700 ms CreateObjectMapping: 0.464700 ms MarkObjects: 5.521700 ms  DeleteObjects: 0.235300 ms)

AssetImportParameters requested are different than current active one (requested -> active):
  custom:container-demuxer-ogg: 62fdf1f143b41e24485cea50d1cbac27 -> 
  custom:video-codec-MediaFoundation-h265: 746d11721c4dcdbdad8f713fa42b33f4 -> 
  custom:video-decoder-ogg-theora: a1e56fd34408186e4bbccfd4996cb3dc -> 
  custom:framework-win-MediaFoundation: 216162199b28c13a410421893ffa2e32 -> 
  custom:CustomObjectIndexerAttribute: 43b350a4d6e6d1791af0b5038c4bea17 -> 
  custom:container-demuxer-webm: 4f35f7cbe854078d1ac9338744f61a02 -> 
  custom:container-muxer-webm: aa71ff27fc2769a1b78a27578f13a17b -> 
  custom:video-decoder-webm-vp8: 9c59270c3fd7afecdb556c50c9e8de78 -> 
  custom:SearchIndexIgnoredProperties: e643bd26f0fe6173181afceb89e7c659 -> 
  custom:AudioImporter_EditorPlatform: d09bf68614088b80899f8185d706f6e7 -> 
  custom:video-encoder-webm-vp8: eb34c28f22e8b96e1ab97ce403110664 -> 
  custom:audio-decoder-ogg-vorbis: bf7c407c2cedff20999df2af8eb42d56 -> 
  custom:audio-encoder-webm-vorbis: bf7c407c2cedff20999df2af8eb42d56 -> 
========================================================================
Received Import Request.
  Time since last request: 168569.898008 seconds.
  path: Assets/russian_buildings/prefabs/buildings_low/rus_build_5et_03b_low.prefab
  artifactKey: Guid(ad69cf5ca4bc99c4d9d2b20222d4e4a0) Importer(815301076,1909f56bfc062723c751e8b465ee728b)
Start importing Assets/russian_buildings/prefabs/buildings_low/rus_build_5et_03b_low.prefab using Guid(ad69cf5ca4bc99c4d9d2b20222d4e4a0) Importer(815301076,1909f56bfc062723c751e8b465ee728b)  -> (artifact id: '604299df05fb722ea2c1ff4b4fea72f2') in 0.320040 seconds
Number of updated asset objects reloaded before import = 0
Number of asset objects unloaded after import = 25
========================================================================
Received Import Request.
  Time since last request: 65.510226 seconds.
  path: Assets/russian_buildings/prefabs/buildings_low/rus_build_5et_03a_low.prefab
  artifactKey: Guid(5a760ff159dab1f45a917cb73f9ceb03) Importer(815301076,1909f56bfc062723c751e8b465ee728b)
Start importing Assets/russian_buildings/prefabs/buildings_low/rus_build_5et_03a_low.prefab using Guid(5a760ff159dab1f45a917cb73f9ceb03) Importer(815301076,1909f56bfc062723c751e8b465ee728b)  -> (artifact id: '6951a65452c5b7f9e3667dbec01b54ea') in 0.098496 seconds
Number of updated asset objects reloaded before import = 0
Number of asset objects unloaded after import = 25
========================================================================
Received Import Request.
  Time since last request: 2.442586 seconds.
  path: Assets/russian_buildings/prefabs/buildings_low/rus_build_5et_03e_low.prefab
  artifactKey: Guid(5b4342e71d249de42b35e74c013bbe09) Importer(815301076,1909f56bfc062723c751e8b465ee728b)
Start importing Assets/russian_buildings/prefabs/buildings_low/rus_build_5et_03e_low.prefab using Guid(5b4342e71d249de42b35e74c013bbe09) Importer(815301076,1909f56bfc062723c751e8b465ee728b)  -> (artifact id: '6a6147b78c6b443dcee5c8a366e59ce3') in 0.032320 seconds
Number of updated asset objects reloaded before import = 0
Number of asset objects unloaded after import = 25
========================================================================
Received Import Request.
  Time since last request: 0.808607 seconds.
  path: Assets/russian_buildings/prefabs/buildings_low/rus_build_5et_03c_low.prefab
  artifactKey: Guid(6ec2847feecbeeb43871391ad3f8b993) Importer(815301076,1909f56bfc062723c751e8b465ee728b)
Start importing Assets/russian_buildings/prefabs/buildings_low/rus_build_5et_03c_low.prefab using Guid(6ec2847feecbeeb43871391ad3f8b993) Importer(815301076,1909f56bfc062723c751e8b465ee728b)  -> (artifact id: '9916fde277205ea05d07e65ee74a3fc2') in 0.024254 seconds
Number of updated asset objects reloaded before import = 0
Number of asset objects unloaded after import = 25
========================================================================
Received Import Request.
  Time since last request: 0.644614 seconds.
  path: Assets/russian_buildings/prefabs/buildings_low/rus_build_5et_03d_low.prefab
  artifactKey: Guid(2d8443e65eb7c274aae127e742ee00d9) Importer(815301076,1909f56bfc062723c751e8b465ee728b)
Start importing Assets/russian_buildings/prefabs/buildings_low/rus_build_5et_03d_low.prefab using Guid(2d8443e65eb7c274aae127e742ee00d9) Importer(815301076,1909f56bfc062723c751e8b465ee728b)  -> (artifact id: 'f6da9add732cff7724f8c5fb0e346d6b') in 0.022479 seconds
Number of updated asset objects reloaded before import = 0
Number of asset objects unloaded after import = 25
========================================================================
Received Import Request.
  Time since last request: 5.609242 seconds.
  path: Assets/russian_buildings/prefabs/buildings_low/rus_build_5et_03_low.prefab
  artifactKey: Guid(416eb61d4d822d3439396f526e539a32) Importer(815301076,1909f56bfc062723c751e8b465ee728b)
Start importing Assets/russian_buildings/prefabs/buildings_low/rus_build_5et_03_low.prefab using Guid(416eb61d4d822d3439396f526e539a32) Importer(815301076,1909f56bfc062723c751e8b465ee728b)  -> (artifact id: '609070e77acfca0ee1f99fec12f6aea7') in 0.026979 seconds
Number of updated asset objects reloaded before import = 0
Number of asset objects unloaded after import = 25
========================================================================
Received Import Request.
  Time since last request: 1.086068 seconds.
  path: Assets/russian_buildings/prefabs/buildings_low/rus_build_5et_01a_low.prefab
  artifactKey: Guid(aa1c793da98f72f46acfef95df976cdc) Importer(815301076,1909f56bfc062723c751e8b465ee728b)
Start importing Assets/russian_buildings/prefabs/buildings_low/rus_build_5et_01a_low.prefab using Guid(aa1c793da98f72f46acfef95df976cdc) Importer(815301076,1909f56bfc062723c751e8b465ee728b)  -> (artifact id: '3f55694ed874f8ddfe0d95828fc3ccd8') in 0.016630 seconds
Number of updated asset objects reloaded before import = 0
Number of asset objects unloaded after import = 24
========================================================================
Received Import Request.
  Time since last request: 2.436325 seconds.
  path: Assets/russian_buildings/prefabs/buildings_low/rus_build_5et_03f_low.prefab
  artifactKey: Guid(d7291213fc9300244a03884334aa9e9e) Importer(815301076,1909f56bfc062723c751e8b465ee728b)
Start importing Assets/russian_buildings/prefabs/buildings_low/rus_build_5et_03f_low.prefab using Guid(d7291213fc9300244a03884334aa9e9e) Importer(815301076,1909f56bfc062723c751e8b465ee728b)  -> (artifact id: '78300e8f547cdb09e1d2e755d09914f7') in 0.020210 seconds
Number of updated asset objects reloaded before import = 0
Number of asset objects unloaded after import = 25
========================================================================
Received Import Request.
  Time since last request: 98.787717 seconds.
  path: Assets/russian_buildings/prefabs/buildings_low/rus_build_9et_02_low.prefab
  artifactKey: Guid(804c4667a93cc884a87e62f15b0eb07a) Importer(815301076,1909f56bfc062723c751e8b465ee728b)
Start importing Assets/russian_buildings/prefabs/buildings_low/rus_build_9et_02_low.prefab using Guid(804c4667a93cc884a87e62f15b0eb07a) Importer(815301076,1909f56bfc062723c751e8b465ee728b)  -> (artifact id: 'b61b9e3ea26c14886a98e6140307d275') in 0.048891 seconds
Number of updated asset objects reloaded before import = 0
Number of asset objects unloaded after import = 23
========================================================================
Received Import Request.
  Time since last request: 4.191676 seconds.
  path: Assets/russian_buildings/prefabs/buildings_low/rus_build_9et_03_low.prefab
  artifactKey: Guid(10b693990d3466444be14f6cf80a8aba) Importer(815301076,1909f56bfc062723c751e8b465ee728b)
Start importing Assets/russian_buildings/prefabs/buildings_low/rus_build_9et_03_low.prefab using Guid(10b693990d3466444be14f6cf80a8aba) Importer(815301076,1909f56bfc062723c751e8b465ee728b)  -> (artifact id: '6a2fe6bbd06ca73d855e03d1de227386') in 0.059775 seconds
Number of updated asset objects reloaded before import = 0
Number of asset objects unloaded after import = 20
========================================================================
Received Import Request.
  Time since last request: 0.433903 seconds.
  path: Assets/russian_buildings/prefabs/buildings_low/rus_build_9et_03b_low.prefab
  artifactKey: Guid(96f5c8fbe4b7c0141b5ba8c462960028) Importer(815301076,1909f56bfc062723c751e8b465ee728b)
Start importing Assets/russian_buildings/prefabs/buildings_low/rus_build_9et_03b_low.prefab using Guid(96f5c8fbe4b7c0141b5ba8c462960028) Importer(815301076,1909f56bfc062723c751e8b465ee728b)  -> (artifact id: 'dff33192dffe6d7ca09e6482ddd5798e') in 0.021534 seconds
Number of updated asset objects reloaded before import = 0
Number of asset objects unloaded after import = 20
========================================================================
Received Import Request.
  Time since last request: 0.795729 seconds.
  path: Assets/russian_buildings
  artifactKey: Guid(44a96a353a868264d854e8b03cbd5ae5) Importer(815301076,1909f56bfc062723c751e8b465ee728b)
Start importing Assets/russian_buildings using Guid(44a96a353a868264d854e8b03cbd5ae5) Importer(815301076,1909f56bfc062723c751e8b465ee728b)  -> (artifact id: 'c2eb633663cb21fc14790dd129271dd5') in 0.001083 seconds
Number of updated asset objects reloaded before import = 0
Number of asset objects unloaded after import = 0
========================================================================
Received Import Request.
  Time since last request: 0.307852 seconds.
  path: Assets/russian_buildings/prefabs/buildings_low/rus_build_2et_01b_low.prefab
  artifactKey: Guid(3498c2828d18a8b4090fe9dc8891c840) Importer(815301076,1909f56bfc062723c751e8b465ee728b)
Start importing Assets/russian_buildings/prefabs/buildings_low/rus_build_2et_01b_low.prefab using Guid(3498c2828d18a8b4090fe9dc8891c840) Importer(815301076,1909f56bfc062723c751e8b465ee728b)  -> (artifact id: 'e699cabb9762d1fb5cc3e4b2255ab621') in 0.025709 seconds
Number of updated asset objects reloaded before import = 0
Number of asset objects unloaded after import = 21
========================================================================
Received Import Request.
  Time since last request: 0.712021 seconds.
  path: Assets/russian_buildings/prefabs/buildings_low/rus_build_4et_01a_low.prefab
  artifactKey: Guid(3954b4db11e9be84f9f73d87dead528f) Importer(815301076,1909f56bfc062723c751e8b465ee728b)
Start importing Assets/russian_buildings/prefabs/buildings_low/rus_build_4et_01a_low.prefab using Guid(3954b4db11e9be84f9f73d87dead528f) Importer(815301076,1909f56bfc062723c751e8b465ee728b)  -> (artifact id: '204c91962db6297e8b022c0d15997013') in 0.022206 seconds
Number of updated asset objects reloaded before import = 0
Number of asset objects unloaded after import = 25
========================================================================
Received Import Request.
  Time since last request: 0.831773 seconds.
  path: Assets/russian_buildings/prefabs/buildings_low/rus_build_2et_01_low.prefab
  artifactKey: Guid(f2ac51e00e24ec74295d01a4e5752ef0) Importer(815301076,1909f56bfc062723c751e8b465ee728b)
Start importing Assets/russian_buildings/prefabs/buildings_low/rus_build_2et_01_low.prefab using Guid(f2ac51e00e24ec74295d01a4e5752ef0) Importer(815301076,1909f56bfc062723c751e8b465ee728b)  -> (artifact id: 'aed269fc4db31deed3f4820b112e3f60') in 0.024944 seconds
Number of updated asset objects reloaded before import = 0
Number of asset objects unloaded after import = 21
========================================================================
Received Import Request.
  Time since last request: 0.501349 seconds.
  path: Assets/russian_buildings/prefabs/buildings_low/rus_build_5et_01_low.prefab
  artifactKey: Guid(18bdd765d812b2c42ad1f0cb5ae5056d) Importer(815301076,1909f56bfc062723c751e8b465ee728b)
Start importing Assets/russian_buildings/prefabs/buildings_low/rus_build_5et_01_low.prefab using Guid(18bdd765d812b2c42ad1f0cb5ae5056d) Importer(815301076,1909f56bfc062723c751e8b465ee728b)  -> (artifact id: '1d6aa587d44a4296ebdf755b9d53d600') in 0.028469 seconds
Number of updated asset objects reloaded before import = 0
Number of asset objects unloaded after import = 24
========================================================================
Received Import Request.
  Time since last request: 0.405246 seconds.
  path: Assets/russian_buildings/prefabs/buildings_low/rus_build_5et_02_low.prefab
  artifactKey: Guid(e934a6692eb737c4e9f135f16db53b82) Importer(815301076,1909f56bfc062723c751e8b465ee728b)
Start importing Assets/russian_buildings/prefabs/buildings_low/rus_build_5et_02_low.prefab using Guid(e934a6692eb737c4e9f135f16db53b82) Importer(815301076,1909f56bfc062723c751e8b465ee728b)  -> (artifact id: '82e042200029861459f504d3a09253d0') in 0.023384 seconds
Number of updated asset objects reloaded before import = 0
Number of asset objects unloaded after import = 24
========================================================================
Received Import Request.
  Time since last request: 0.796340 seconds.
  path: Assets/russian_buildings/prefabs/buildings_low/rus_build_2et_01c_low.prefab
  artifactKey: Guid(113399417063b314caa81e403a2b62f0) Importer(815301076,1909f56bfc062723c751e8b465ee728b)
Start importing Assets/russian_buildings/prefabs/buildings_low/rus_build_2et_01c_low.prefab using Guid(113399417063b314caa81e403a2b62f0) Importer(815301076,1909f56bfc062723c751e8b465ee728b)  -> (artifact id: 'd97f6293565ea4cb2a501f04beab6056') in 0.020984 seconds
Number of updated asset objects reloaded before import = 0
Number of asset objects unloaded after import = 21
========================================================================
Received Import Request.
  Time since last request: 0.970687 seconds.
  path: Assets/russian_buildings/prefabs/buildings_low/rus_build_2et_01a_low.prefab
  artifactKey: Guid(cbccaa2c65d9da344ae788e7c199ee76) Importer(815301076,1909f56bfc062723c751e8b465ee728b)
Start importing Assets/russian_buildings/prefabs/buildings_low/rus_build_2et_01a_low.prefab using Guid(cbccaa2c65d9da344ae788e7c199ee76) Importer(815301076,1909f56bfc062723c751e8b465ee728b)  -> (artifact id: '0f03a21418d60b19036e31b48cce3789') in 0.049056 seconds
Number of updated asset objects reloaded before import = 0
Number of asset objects unloaded after import = 21
========================================================================
Received Import Request.
  Time since last request: 80.215903 seconds.
  path: Assets/Buildings/car_store.fbx
  artifactKey: Guid(d4ecfb7a588ce5e49a3fbdaef52bc681) Importer(815301076,1909f56bfc062723c751e8b465ee728b)
Start importing Assets/Buildings/car_store.fbx using Guid(d4ecfb7a588ce5e49a3fbdaef52bc681) Importer(815301076,1909f56bfc062723c751e8b465ee728b)  -> (artifact id: '1ee67c8d9609d30f8312192d1438a82a') in 0.069121 seconds
Number of updated asset objects reloaded before import = 0
Number of asset objects unloaded after import = 13
========================================================================
Received Import Request.
  Time since last request: 0.290032 seconds.
  path: Assets/Buildings/car_factory.fbx
  artifactKey: Guid(014a9adc62efe2c42ac5b24034755457) Importer(815301076,1909f56bfc062723c751e8b465ee728b)
Start importing Assets/Buildings/car_factory.fbx using Guid(014a9adc62efe2c42ac5b24034755457) Importer(815301076,1909f56bfc062723c751e8b465ee728b)  -> (artifact id: 'cfc6b3b49855804bdb3f5113eba409a3') in 0.037873 seconds
Number of updated asset objects reloaded before import = 0
Number of asset objects unloaded after import = 17
========================================================================
Received Import Request.
  Time since last request: 1.715322 seconds.
  path: Assets/Buildings/chemical_laboratory.fbx
  artifactKey: Guid(e29e5916b5df6014ebc74a7df781bc25) Importer(815301076,1909f56bfc062723c751e8b465ee728b)
Start importing Assets/Buildings/chemical_laboratory.fbx using Guid(e29e5916b5df6014ebc74a7df781bc25) Importer(815301076,1909f56bfc062723c751e8b465ee728b)  -> (artifact id: '793a73ba2c32ff99af5c88e840c3bb32') in 0.044745 seconds
Number of updated asset objects reloaded before import = 0
Number of asset objects unloaded after import = 14
========================================================================
Received Import Request.
  Time since last request: 0.451975 seconds.
  path: Assets/Buildings/cinema.fbx
  artifactKey: Guid(2e47f6ea07ded6a4b8074d5b4ec521ba) Importer(815301076,1909f56bfc062723c751e8b465ee728b)
Start importing Assets/Buildings/cinema.fbx using Guid(2e47f6ea07ded6a4b8074d5b4ec521ba) Importer(815301076,1909f56bfc062723c751e8b465ee728b)  -> (artifact id: 'c9e317e42b3f930d7c5ca5ef8b69b998') in 0.030406 seconds
Number of updated asset objects reloaded before import = 0
Number of asset objects unloaded after import = 18
========================================================================
Received Import Request.
  Time since last request: 29.370885 seconds.
  path: Assets/Buildings/furniture_store.fbx
  artifactKey: Guid(ce0dcc774ca12ff4780ed2c7c981e753) Importer(815301076,1909f56bfc062723c751e8b465ee728b)
Start importing Assets/Buildings/furniture_store.fbx using Guid(ce0dcc774ca12ff4780ed2c7c981e753) Importer(815301076,1909f56bfc062723c751e8b465ee728b)  -> (artifact id: 'ad902685b48a7555c966314a36b5ee13') in 0.028409 seconds
Number of updated asset objects reloaded before import = 0
Number of asset objects unloaded after import = 17
========================================================================
Received Import Request.
  Time since last request: 0.739782 seconds.
  path: Assets/Buildings/grocery_store.fbx
  artifactKey: Guid(bab4f53fb5fc0634ea0c742bf2743d89) Importer(815301076,1909f56bfc062723c751e8b465ee728b)
Start importing Assets/Buildings/grocery_store.fbx using Guid(bab4f53fb5fc0634ea0c742bf2743d89) Importer(815301076,1909f56bfc062723c751e8b465ee728b)  -> (artifact id: 'ab7b9c53272e13fd6b525574566011f1') in 0.056840 seconds
Number of updated asset objects reloaded before import = 0
Number of asset objects unloaded after import = 13
========================================================================
Received Import Request.
  Time since last request: 0.390930 seconds.
  path: Assets/Buildings/guard.fbx
  artifactKey: Guid(1bc023af82728e345a8cc1ee864662b8) Importer(815301076,1909f56bfc062723c751e8b465ee728b)
Start importing Assets/Buildings/guard.fbx using Guid(1bc023af82728e345a8cc1ee864662b8) Importer(815301076,1909f56bfc062723c751e8b465ee728b)  -> (artifact id: 'df06e3016792d51faf6030b4faeabe00') in 0.058984 seconds
Number of updated asset objects reloaded before import = 0
Number of asset objects unloaded after import = 18
========================================================================
Received Import Request.
  Time since last request: 1.012822 seconds.
  path: Assets/Buildings/heavy_equipment_store.fbx
  artifactKey: Guid(fd0aff9be85e9d44c9e1177220ae796e) Importer(815301076,1909f56bfc062723c751e8b465ee728b)
Start importing Assets/Buildings/heavy_equipment_store.fbx using Guid(fd0aff9be85e9d44c9e1177220ae796e) Importer(815301076,1909f56bfc062723c751e8b465ee728b)  -> (artifact id: 'f74424645343b0d1a381eb5f61c03879') in 0.034222 seconds
Number of updated asset objects reloaded before import = 0
Number of asset objects unloaded after import = 17
========================================================================
Received Import Request.
  Time since last request: 0.490102 seconds.
  path: Assets/Buildings/house_1.fbx
  artifactKey: Guid(c8c0ac4c680f7704691118a770df51ba) Importer(815301076,1909f56bfc062723c751e8b465ee728b)
Start importing Assets/Buildings/house_1.fbx using Guid(c8c0ac4c680f7704691118a770df51ba) Importer(815301076,1909f56bfc062723c751e8b465ee728b)  -> (artifact id: 'f7596dfda153a8e408d465f236823674') in 0.055825 seconds
Number of updated asset objects reloaded before import = 0
Number of asset objects unloaded after import = 14
========================================================================
Received Import Request.
  Time since last request: 0.535045 seconds.
  path: Assets/Buildings/food_factory.fbx
  artifactKey: Guid(510435f1271872f4bbed536bbe36fa06) Importer(815301076,1909f56bfc062723c751e8b465ee728b)
Start importing Assets/Buildings/food_factory.fbx using Guid(510435f1271872f4bbed536bbe36fa06) Importer(815301076,1909f56bfc062723c751e8b465ee728b)  -> (artifact id: '2e522d2765105bade99befa3cc21d16d') in 0.058290 seconds
Number of updated asset objects reloaded before import = 0
Number of asset objects unloaded after import = 16
========================================================================
Received Import Request.
  Time since last request: 4.363322 seconds.
  path: Assets/Buildings/bookstore.fbx
  artifactKey: Guid(53ec1bd968802e14b997a32f25e4c11c) Importer(815301076,1909f56bfc062723c751e8b465ee728b)
Start importing Assets/Buildings/bookstore.fbx using Guid(53ec1bd968802e14b997a32f25e4c11c) Importer(815301076,1909f56bfc062723c751e8b465ee728b)  -> (artifact id: '57497fcaa77a2ef87dd8d5c2601865ea') in 0.043411 seconds
Number of updated asset objects reloaded before import = 0
Number of asset objects unloaded after import = 14
========================================================================
Received Import Request.
  Time since last request: 0.508413 seconds.
  path: Assets/Buildings/appliances_factory.fbx
  artifactKey: Guid(7cdad2bc38dcf7e46a9570c197ec44e6) Importer(815301076,1909f56bfc062723c751e8b465ee728b)
Start importing Assets/Buildings/appliances_factory.fbx using Guid(7cdad2bc38dcf7e46a9570c197ec44e6) Importer(815301076,1909f56bfc062723c751e8b465ee728b)  -> (artifact id: 'a61a13547b0952b8a15bb6fbcbe2ff68') in 0.045616 seconds
Number of updated asset objects reloaded before import = 0
Number of asset objects unloaded after import = 15
========================================================================
Received Import Request.
  Time since last request: 0.919794 seconds.
  path: Assets/Buildings/appliances_store.fbx
  artifactKey: Guid(e0828b8951ddb5742b21325602b044b8) Importer(815301076,1909f56bfc062723c751e8b465ee728b)
Start importing Assets/Buildings/appliances_store.fbx using Guid(e0828b8951ddb5742b21325602b044b8) Importer(815301076,1909f56bfc062723c751e8b465ee728b)  -> (artifact id: '095a824cd659ef783414309ec62bee80') in 0.049357 seconds
Number of updated asset objects reloaded before import = 0
Number of asset objects unloaded after import = 13
========================================================================
Received Import Request.
  Time since last request: 1.367809 seconds.
  path: Assets/Buildings/chemical_store.fbx
  artifactKey: Guid(d442faace18e73f44aebecb1a784bd8d) Importer(815301076,1909f56bfc062723c751e8b465ee728b)
Start importing Assets/Buildings/chemical_store.fbx using Guid(d442faace18e73f44aebecb1a784bd8d) Importer(815301076,1909f56bfc062723c751e8b465ee728b)  -> (artifact id: 'd774757a55f90f0f2ea743b9bfb7950a') in 0.053954 seconds
Number of updated asset objects reloaded before import = 0
Number of asset objects unloaded after import = 15
========================================================================
Received Import Request.
  Time since last request: 0.427306 seconds.
  path: Assets/Buildings/computer_store.fbx
  artifactKey: Guid(a5fd7f6de6af2c74f8d74c0d0f861e2e) Importer(815301076,1909f56bfc062723c751e8b465ee728b)
Start importing Assets/Buildings/computer_store.fbx using Guid(a5fd7f6de6af2c74f8d74c0d0f861e2e) Importer(815301076,1909f56bfc062723c751e8b465ee728b)  -> (artifact id: '801d0e0eaf8b069b01eb7575a91cfc5b') in 0.037798 seconds
Number of updated asset objects reloaded before import = 0
Number of asset objects unloaded after import = 14
========================================================================
Received Import Request.
  Time since last request: 0.357551 seconds.
  path: Assets/Buildings/city_hall.fbx
  artifactKey: Guid(b392c3200ebac344fbc91be43739f8c0) Importer(815301076,1909f56bfc062723c751e8b465ee728b)
Start importing Assets/Buildings/city_hall.fbx using Guid(b392c3200ebac344fbc91be43739f8c0) Importer(815301076,1909f56bfc062723c751e8b465ee728b)  -> (artifact id: '41be019b173e6d6efff05c466352fe3e') in 0.037593 seconds
Number of updated asset objects reloaded before import = 0
Number of asset objects unloaded after import = 14
========================================================================
Received Import Request.
  Time since last request: 2.631297 seconds.
  path: Assets/Buildings/house_2_v_2.fbx
  artifactKey: Guid(e7ba6850887ae694a970af5f171fa6d5) Importer(815301076,1909f56bfc062723c751e8b465ee728b)
Start importing Assets/Buildings/house_2_v_2.fbx using Guid(e7ba6850887ae694a970af5f171fa6d5) Importer(815301076,1909f56bfc062723c751e8b465ee728b)  -> (artifact id: '216c5a35822a25f407bee2cd21412ed7') in 0.046774 seconds
Number of updated asset objects reloaded before import = 0
Number of asset objects unloaded after import = 13
========================================================================
Received Import Request.
  Time since last request: 2.216869 seconds.
  path: Assets/Buildings/tobacco_plantation.fbx
  artifactKey: Guid(60e2fb8b0024470498928881179977a0) Importer(815301076,1909f56bfc062723c751e8b465ee728b)
Start importing Assets/Buildings/tobacco_plantation.fbx using Guid(60e2fb8b0024470498928881179977a0) Importer(815301076,1909f56bfc062723c751e8b465ee728b)  -> (artifact id: 'abaa233a14360aa51ca354c5f78fe47b') in 0.059753 seconds
Number of updated asset objects reloaded before import = 0
Number of asset objects unloaded after import = 13
========================================================================
Received Import Request.
  Time since last request: 0.475770 seconds.
  path: Assets/Buildings/software_company.fbx
  artifactKey: Guid(b2efc519fac0dd745b15cb8a7f347f64) Importer(815301076,1909f56bfc062723c751e8b465ee728b)
Start importing Assets/Buildings/software_company.fbx using Guid(b2efc519fac0dd745b15cb8a7f347f64) Importer(815301076,1909f56bfc062723c751e8b465ee728b)  -> (artifact id: 'e5ff0b7ea225f82b6bf17b130399afab') in 0.051726 seconds
Number of updated asset objects reloaded before import = 0
Number of asset objects unloaded after import = 15
========================================================================
Received Import Request.
  Time since last request: 0.533083 seconds.
  path: Assets/Buildings/rubber_store.fbx
  artifactKey: Guid(e43100a9fe91d67418353a7f32c965b8) Importer(815301076,1909f56bfc062723c751e8b465ee728b)
Start importing Assets/Buildings/rubber_store.fbx using Guid(e43100a9fe91d67418353a7f32c965b8) Importer(815301076,1909f56bfc062723c751e8b465ee728b)  -> (artifact id: '3b38c5a1897d2d8173808745f17f14f9') in 0.077320 seconds
Number of updated asset objects reloaded before import = 0
Number of asset objects unloaded after import = 15
========================================================================
Received Import Request.
  Time since last request: 1.121629 seconds.
  path: Assets/Buildings/power_plant.fbx
  artifactKey: Guid(69405b49d7249234ab072de8bdfc9ea3) Importer(815301076,1909f56bfc062723c751e8b465ee728b)
Start importing Assets/Buildings/power_plant.fbx using Guid(69405b49d7249234ab072de8bdfc9ea3) Importer(815301076,1909f56bfc062723c751e8b465ee728b)  -> (artifact id: '21ed6fc8048f16e7d8396ac072119821') in 0.022156 seconds
Number of updated asset objects reloaded before import = 0
Number of asset objects unloaded after import = 15
========================================================================
Received Import Request.
  Time since last request: 0.965398 seconds.
  path: Assets/Buildings/police_academy.fbx
  artifactKey: Guid(3d92f881e27fa984bbe291e539cfda8d) Importer(815301076,1909f56bfc062723c751e8b465ee728b)
Start importing Assets/Buildings/police_academy.fbx using Guid(3d92f881e27fa984bbe291e539cfda8d) Importer(815301076,1909f56bfc062723c751e8b465ee728b)  -> (artifact id: 'c1d6cc98dc7d14eefa911d7b070e8449') in 0.044841 seconds
Number of updated asset objects reloaded before import = 0
Number of asset objects unloaded after import = 14
========================================================================
Received Import Request.
  Time since last request: 0.938511 seconds.
  path: Assets/Buildings/pharmacy.fbx
  artifactKey: Guid(70f6cca8e7c1a6f44a2cc9dcaed98033) Importer(815301076,1909f56bfc062723c751e8b465ee728b)
Start importing Assets/Buildings/pharmacy.fbx using Guid(70f6cca8e7c1a6f44a2cc9dcaed98033) Importer(815301076,1909f56bfc062723c751e8b465ee728b)  -> (artifact id: '2e2d3463bd97d317b1a64284907eff2c') in 0.049752 seconds
Number of updated asset objects reloaded before import = 0
Number of asset objects unloaded after import = 14
========================================================================
Received Import Request.
  Time since last request: 1.554909 seconds.
  path: Assets/Buildings/pharmaceutical_factory.fbx
  artifactKey: Guid(ae9f073041fc5d24e988970ad76626d2) Importer(815301076,1909f56bfc062723c751e8b465ee728b)
Start importing Assets/Buildings/pharmaceutical_factory.fbx using Guid(ae9f073041fc5d24e988970ad76626d2) Importer(815301076,1909f56bfc062723c751e8b465ee728b)  -> (artifact id: 'ae470cdaf4e7273ad8e7640502268b40') in 0.037596 seconds
Number of updated asset objects reloaded before import = 0
Number of asset objects unloaded after import = 16
========================================================================
Received Import Request.
  Time since last request: 1.257501 seconds.
  path: Assets/Buildings/office_supply_store.fbx
  artifactKey: Guid(80060ff086a435243a89424ed159c25f) Importer(815301076,1909f56bfc062723c751e8b465ee728b)
Start importing Assets/Buildings/office_supply_store.fbx using Guid(80060ff086a435243a89424ed159c25f) Importer(815301076,1909f56bfc062723c751e8b465ee728b)  -> (artifact id: '8e2137999116f0d1a354e790a50ccb75') in 0.050467 seconds
Number of updated asset objects reloaded before import = 0
Number of asset objects unloaded after import = 14
========================================================================
Received Import Request.
  Time since last request: 1.344427 seconds.
  path: Assets/Buildings/movie_studio.fbx
  artifactKey: Guid(d36b7ab8692299541b53dff859d28020) Importer(815301076,1909f56bfc062723c751e8b465ee728b)
Start importing Assets/Buildings/movie_studio.fbx using Guid(d36b7ab8692299541b53dff859d28020) Importer(815301076,1909f56bfc062723c751e8b465ee728b)  -> (artifact id: 'e163f42c37458ab3fa77ccb2a371a8bf') in 0.049286 seconds
Number of updated asset objects reloaded before import = 0
Number of asset objects unloaded after import = 18
========================================================================
Received Import Request.
  Time since last request: 0.939728 seconds.
  path: Assets/Buildings/mine.fbx
  artifactKey: Guid(2e6e9c0c0cb4b7f4bab48b071df012b0) Importer(815301076,1909f56bfc062723c751e8b465ee728b)
Start importing Assets/Buildings/mine.fbx using Guid(2e6e9c0c0cb4b7f4bab48b071df012b0) Importer(815301076,1909f56bfc062723c751e8b465ee728b)  -> (artifact id: '5d0263a77986d62282d2751a5d92456a') in 0.027994 seconds
Number of updated asset objects reloaded before import = 0
Number of asset objects unloaded after import = 15
========================================================================
Received Import Request.
  Time since last request: 0.809322 seconds.
  path: Assets/Buildings/metal_store.fbx
  artifactKey: Guid(ff594c9cea692594ca4f5fffc031815b) Importer(815301076,1909f56bfc062723c751e8b465ee728b)
Start importing Assets/Buildings/metal_store.fbx using Guid(ff594c9cea692594ca4f5fffc031815b) Importer(815301076,1909f56bfc062723c751e8b465ee728b)  -> (artifact id: '81c81a6210ea204b882e412eb75ded61') in 0.041849 seconds
Number of updated asset objects reloaded before import = 0
Number of asset objects unloaded after import = 13
